Determining if the pthread_create exist failed with the following output:
Change Dir: /home/jinahadam/catkin_ws/build/CMakeFiles/CMakeTmp

Run Build Command:/usr/bin/make "cmTryCompileExec2061236/fast"
/usr/bin/make -f CMakeFiles/cmTryCompileExec2061236.dir/build.make CMakeFiles/cmTryCompileExec2061236.dir/build
make[1]: Entering directory `/home/jinahadam/catkin_ws/build/CMakeFiles/CMakeTmp'
/usr/bin/cmake -E cmake_progress_report /home/jinahadam/catkin_ws/build/CMakeFiles/CMakeTmp/CMakeFiles 1
Building C object CMakeFiles/cmTryCompileExec2061236.dir/CheckSymbolExists.c.o
/usr/bin/cc    -o CMakeFiles/cmTryCompileExec2061236.dir/CheckSymbolExists.c.o   -c /home/jinahadam/catkin_ws/build/CMakeFiles/CMakeTmp/CheckSymbolExists.c
Linking C executable cmTryCompileExec2061236
/usr/bin/cmake -E cmake_link_script CMakeFiles/cmTryCompileExec2061236.dir/link.txt --verbose=1
/usr/bin/cc       CMakeFiles/cmTryCompileExec2061236.dir/CheckSymbolExists.c.o  -o cmTryCompileExec2061236 -rdynamic 
CMakeFiles/cmTryCompileExec2061236.dir/CheckSymbolExists.c.o: In function `main':
CheckSymbolExists.c:(.text+0x16): undefined reference to `pthread_create'
collect2: error: ld returned 1 exit status
make[1]: Leaving directory `/home/jinahadam/catkin_ws/build/CMakeFiles/CMakeTmp'
make[1]: *** [cmTryCompileExec2061236] Error 1
make: *** [cmTryCompileExec2061236/fast] Error 2

File /home/jinahadam/catkin_ws/build/CMakeFiles/CMakeTmp/CheckSymbolExists.c:
/* */
#include <pthread.h>

int main(int argc, char** argv)
{
  (void)argv;
#ifndef pthread_create
  return ((int*)(&pthread_create))[argc];
#else
  (void)argc;
  return 0;
#endif
}

Determining if the function pthread_create exists in the pthreads failed with the following output:
Change Dir: /home/jinahadam/catkin_ws/build/CMakeFiles/CMakeTmp

Run Build Command:/usr/bin/make "cmTryCompileExec1862038388/fast"
/usr/bin/make -f CMakeFiles/cmTryCompileExec1862038388.dir/build.make CMakeFiles/cmTryCompileExec1862038388.dir/build
make[1]: Entering directory `/home/jinahadam/catkin_ws/build/CMakeFiles/CMakeTmp'
/usr/bin/cmake -E cmake_progress_report /home/jinahadam/catkin_ws/build/CMakeFiles/CMakeTmp/CMakeFiles 1
Building C object CMakeFiles/cmTryCompileExec1862038388.dir/CheckFunctionExists.c.o
/usr/bin/cc   -DCHECK_FUNCTION_EXISTS=pthread_create   -o CMakeFiles/cmTryCompileExec1862038388.dir/CheckFunctionExists.c.o   -c /usr/share/cmake-2.8/Modules/CheckFunctionExists.c
Linking C executable cmTryCompileExec1862038388
/usr/bin/cmake -E cmake_link_script CMakeFiles/cmTryCompileExec1862038388.dir/link.txt --verbose=1
/usr/bin/cc   -DCHECK_FUNCTION_EXISTS=pthread_create    CMakeFiles/cmTryCompileExec1862038388.dir/CheckFunctionExists.c.o  -o cmTryCompileExec1862038388 -rdynamic -lpthreads 
/usr/bin/ld: cannot find -lpthreads
collect2: error: ld returned 1 exit status
make[1]: Leaving directory `/home/jinahadam/catkin_ws/build/CMakeFiles/CMakeTmp'
make[1]: *** [cmTryCompileExec1862038388] Error 1
make: *** [cmTryCompileExec1862038388/fast] Error 2


